0 info it worked if it ends with ok
1 verbose cli [ '/Users/jbandura/.nvm/versions/node/v6.9.5/bin/node',
1 verbose cli   '/Users/jbandura/.nvm/versions/node/v6.9.5/bin/npm',
1 verbose cli   'run',
1 verbose cli   'watch' ]
2 info using npm@3.10.10
3 info using node@v6.9.5
4 verbose run-script [ 'prewatch', 'watch', 'postwatch' ]
5 info lifecycle design-process@1.0.0~prewatch: design-process@1.0.0
6 silly lifecycle design-process@1.0.0~prewatch: no script for prewatch, continuing
7 info lifecycle design-process@1.0.0~watch: design-process@1.0.0
8 verbose lifecycle design-process@1.0.0~watch: unsafe-perm in lifecycle true
9 verbose lifecycle design-process@1.0.0~watch: PATH: /Users/jbandura/.nvm/versions/node/v6.9.5/lib/node_modules/npm/bin/node-gyp-bin:/Users/jbandura/praca_dev/design-process/node_modules/.bin:/Users/jbandura/.nvm/versions/node/v6.9.5/bin:/Users/jbandura/.rbenv/shims:/usr/local/bin:/Library/Ruby/Gems/2.0.0/bin:/Users/jbandura/.bin:/Users/jbandura/bin:/usr/local/bin:/usr/local/bin:/usr/bin:/bin:/usr/sbin:/sbin:/Library/TeX/texbin:/Users/jbandura/.rbenv/versions/2.4.1/bin:/usr/local/Cellar/rbenv/1.1.1/libexec:/Users/jbandura/.rbenv/shims:/Library/Ruby/Gems/2.0.0/bin:/Users/jbandura/.bin:/Users/jbandura/bin
10 verbose lifecycle design-process@1.0.0~watch: CWD: /Users/jbandura/praca_dev/design-process
11 silly lifecycle design-process@1.0.0~watch: Args: [ '-c', 'gulp watch' ]
12 silly lifecycle design-process@1.0.0~watch: Returned: code: 1  signal: null
13 info lifecycle design-process@1.0.0~watch: Failed to exec watch script
14 verbose stack Error: design-process@1.0.0 watch: `gulp watch`
14 verbose stack Exit status 1
14 verbose stack     at EventEmitter.<anonymous> (/Users/jbandura/.nvm/versions/node/v6.9.5/lib/node_modules/npm/lib/utils/lifecycle.js:255:16)
14 verbose stack     at emitTwo (events.js:106:13)
14 verbose stack     at EventEmitter.emit (events.js:191:7)
14 verbose stack     at ChildProcess.<anonymous> (/Users/jbandura/.nvm/versions/node/v6.9.5/lib/node_modules/npm/lib/utils/spawn.js:40:14)
14 verbose stack     at emitTwo (events.js:106:13)
14 verbose stack     at ChildProcess.emit (events.js:191:7)
14 verbose stack     at maybeClose (internal/child_process.js:877:16)
14 verbose stack     at Process.ChildProcess._handle.onexit (internal/child_process.js:226:5)
15 verbose pkgid design-process@1.0.0
16 verbose cwd /Users/jbandura/praca_dev/design-process
17 error Darwin 16.5.0
18 error argv "/Users/jbandura/.nvm/versions/node/v6.9.5/bin/node" "/Users/jbandura/.nvm/versions/node/v6.9.5/bin/npm" "run" "watch"
19 error node v6.9.5
20 error npm  v3.10.10
21 error code ELIFECYCLE
22 error design-process@1.0.0 watch: `gulp watch`
22 error Exit status 1
23 error Failed at the design-process@1.0.0 watch script 'gulp watch'.
23 error Make sure you have the latest version of node.js and npm installed.
23 error If you do, this is most likely a problem with the design-process package,
23 error not with npm itself.
23 error Tell the author that this fails on your system:
23 error     gulp watch
23 error You can get information on how to open an issue for this project with:
23 error     npm bugs design-process
23 error Or if that isn't available, you can get their info via:
23 error     npm owner ls design-process
23 error There is likely additional logging output above.
24 verbose exit [ 1, true ]
